[ 2017-08-17T23:11:07+08:00 ] 127.0.0.1 /index.php?s=/Media/Index/index.html
INFO: [ app_init ] --START--
INFO: Run Behavior\BuildLiteBehavior [ RunTime:0.000016s ]
SQL: SHOW COLUMNS FROM `sys_hooks` [ RunTime:0.0892s ]
SQL: SELECT `name`,`addons` FROM `sys_hooks`  [ RunTime:0.0666s ]
SQL: SHOW COLUMNS FROM `sys_addons` [ RunTime:0.0673s ]
SQL: SELECT `id`,`name` FROM `sys_addons` WHERE `status` = 1 AND `name` IN ('ReturnTop')  [ RunTime:0.0601s ]
SQL: SELECT `id`,`name` FROM `sys_addons` WHERE `status` = 1 AND `name` IN ('Attachment')  [ RunTime:0.0589s ]
SQL: SELECT `id`,`name` FROM `sys_addons` WHERE `status` = 1 AND `name` IN ('SocialComment','Attachment')  [ RunTime:0.0590s ]
SQL: SELECT `id`,`name` FROM `sys_addons` WHERE `status` = 1 AND `name` IN ('Attachment')  [ RunTime:0.0688s ]
SQL: SELECT `id`,`name` FROM `sys_addons` WHERE `status` = 1 AND `name` IN ('Editor')  [ RunTime:0.0601s ]
SQL: SELECT `id`,`name` FROM `sys_addons` WHERE `status` = 1 AND `name` IN ('EditorForAdmin')  [ RunTime:0.0583s ]
SQL: SELECT `id`,`name` FROM `sys_addons` WHERE `status` = 1 AND `name` IN ('SiteStat','SystemInfo','DevTeam')  [ RunTime:0.0588s ]
SQL: SELECT `id`,`name` FROM `sys_addons` WHERE `status` = 1 AND `name` IN ('Editor')  [ RunTime:0.0598s ]
SQL: SELECT `id`,`name` FROM `sys_addons` WHERE `status` = 1 AND `name` IN ('UploadImages')  [ RunTime:0.0604s ]
INFO: Run Common\Behavior\InitHookBehavior [ RunTime:0.939022s ]
INFO: [ app_init ] --END-- [ RunTime:0.939971s ]
SQL: SHOW COLUMNS FROM `sys_config` [ RunTime:0.0608s ]
SQL: SELECT `type`,`name`,`value` FROM `sys_config` WHERE `status` = 1  [ RunTime:0.0619s ]
INFO: [ app_begin ] --START--
INFO: Run Behavior\ReadHtmlCacheBehavior [ RunTime:0.002835s ]
INFO: [ app_begin ] --END-- [ RunTime:0.003027s ]
SQL: SELECT `type`,`name`,`value` FROM `sys_config` WHERE `status` = 1  [ RunTime:0.0606s ]
SQL: SHOW COLUMNS FROM `tab_adv` [ RunTime:0.0668s ]
SQL: SELECT * FROM `tab_adv` WHERE ( pos_id=2 and status=1 ) LIMIT 1   [ RunTime:0.0585s ]
SQL: SHOW COLUMNS FROM `sys_picture` [ RunTime:0.0579s ]
SQL: SELECT * FROM `sys_picture` WHERE `status` = 1 AND `id` = 45 LIMIT 1   [ RunTime:0.0742s ]
SQL: SHOW COLUMNS FROM `tab_adv` [ RunTime:0.0584s ]
SQL: SELECT * FROM `tab_adv` WHERE `status` = 1 AND `pos_id` = 1 ORDER BY sort ASC  [ RunTime:0.0579s ]
SQL: SHOW COLUMNS FROM `tab_game` [ RunTime:0.0635s ]
SQL: SELECT `id`,`game_name`,`sort`,`short`,`game_type_id`,`game_type_name`,`game_score`,`marking`,`features`,`recommend_level`,`version`,`game_size`,`icon`,`cover`,`screenshot`,`introduction`,`and_dow_address`,`ios_dow_address`,`add_game_address`,`ios_game_address`,`game_address`,`dow_num`,`game_status`,`recommend_status`,`pay_status`,`dow_status`,`developers`,`create_time`,`discount`,`language`,`ratio`,`money`,`game_appid`,`game_coin_name`,`game_coin_ration`,`category`,`sibling_id`,`sdk_version` FROM `tab_game` WHERE `game_status` = 1 AND `recommend_status` = 1 GROUP BY sibling_id ORDER BY sort asc LIMIT 4   [ RunTime:0.0613s ]
SQL: SELECT * FROM `tab_game` WHERE `game_status` = 1 AND `recommend_status` = 1 AND `id` <> 5 AND `sibling_id` = 5 LIMIT 1   [ RunTime:0.0585s ]
SQL: SELECT * FROM `tab_game` WHERE `game_status` = 1 AND `recommend_status` = 1 AND `id` <> 42 AND `sibling_id` = 42 LIMIT 1   [ RunTime:0.0601s ]
SQL: SELECT * FROM `tab_game` WHERE `game_status` = 1 AND `recommend_status` = 1 AND `id` <> 36 AND `sibling_id` = 36 LIMIT 1   [ RunTime:0.0594s ]
SQL: SELECT * FROM `tab_game` WHERE `game_status` = 1 AND `recommend_status` = 1 AND `id` <> 17 AND `sibling_id` = 17 LIMIT 1   [ RunTime:0.0592s ]
SQL: SELECT `id`,`game_name`,`sort`,`short`,`game_type_id`,`game_type_name`,`game_score`,`marking`,`features`,`recommend_level`,`version`,`game_size`,`icon`,`cover`,`screenshot`,`introduction`,`and_dow_address`,`ios_dow_address`,`add_game_address`,`ios_game_address`,`game_address`,`dow_num`,`game_status`,`recommend_status`,`pay_status`,`dow_status`,`developers`,`create_time`,`discount`,`language`,`ratio`,`money`,`game_appid`,`game_coin_name`,`game_coin_ration`,`category`,`sibling_id`,`sdk_version` FROM `tab_game` WHERE `game_status` = 1 AND `recommend_status` = 2 GROUP BY sibling_id ORDER BY sort asc LIMIT 9   [ RunTime:0.0588s ]
SQL: SELECT * FROM `tab_game` WHERE `game_status` = 1 AND `recommend_status` = 2 AND `id` <> 74 AND `sibling_id` = 74 LIMIT 1   [ RunTime:0.0617s ]
SQL: SELECT * FROM `tab_game` WHERE `game_status` = 1 AND `recommend_status` = 2 AND `id` <> 41 AND `sibling_id` = 41 LIMIT 1   [ RunTime:0.0610s ]
SQL: SELECT * FROM `tab_game` WHERE `game_status` = 1 AND `recommend_status` = 2 AND `id` <> 37 AND `sibling_id` = 37 LIMIT 1   [ RunTime:0.0600s ]
SQL: SELECT * FROM `tab_game` WHERE `game_status` = 1 AND `recommend_status` = 2 AND `id` <> 34 AND `sibling_id` = 34 LIMIT 1   [ RunTime:0.0649s ]
SQL: SELECT * FROM `tab_game` WHERE `game_status` = 1 AND `recommend_status` = 2 AND `id` <> 33 AND `sibling_id` = 33 LIMIT 1   [ RunTime:0.0616s ]
SQL: SELECT * FROM `tab_game` WHERE `game_status` = 1 AND `recommend_status` = 2 AND `id` <> 32 AND `sibling_id` = 32 LIMIT 1   [ RunTime:0.0630s ]
SQL: SELECT * FROM `tab_game` WHERE `game_status` = 1 AND `recommend_status` = 2 AND `id` <> 22 AND `sibling_id` = 22 LIMIT 1   [ RunTime:0.0701s ]
SQL: SELECT * FROM `tab_game` WHERE `game_status` = 1 AND `recommend_status` = 2 AND `id` <> 21 AND `sibling_id` = 21 LIMIT 1   [ RunTime:0.0590s ]
SQL: SELECT * FROM `tab_game` WHERE `game_status` = 1 AND `recommend_status` = 2 AND `id` <> 77 AND `sibling_id` = 77 LIMIT 1   [ RunTime:0.0608s ]
SQL: SHOW COLUMNS FROM `tab_giftbag` [ RunTime:0.0599s ]
SQL: SELECT tab_giftbag.id as gift_id,`game_id`,tab_giftbag.game_name,`giftbag_name`,`giftbag_type`,tab_game.icon,tab_giftbag.create_time FROM `tab_giftbag` INNER JOIN tab_game on tab_giftbag.game_id = tab_game.id  WHERE `game_status` = 1 ORDER BY create_time desc LIMIT 9   [ RunTime:0.0598s ]
SQL: SHOW COLUMNS FROM `tab_server` [ RunTime:0.0594s ]
SQL: SELECT tab_server.*,tab_game.icon,tab_game.cover FROM `tab_server` INNER JOIN tab_game on tab_server.game_id = tab_game.id  WHERE `game_status` = 1 ORDER BY create_time desc LIMIT 9   [ RunTime:0.0617s ]
INFO: [ view_parse ] --START--
INFO: [ template_filter ] --START--
INFO: Run Behavior\ContentReplaceBehavior [ RunTime:0.000467s ]
INFO: [ template_filter ] --END-- [ RunTime:0.000528s ]
SQL: SELECT * FROM `sys_picture` WHERE `status` = 1 AND `id` = 102 LIMIT 1   [ RunTime:0.0597s ]
NOTIC: [8] Undefined variable: aaa D:\workspace\game.dejson.com\Runtime\Cache\Media\2382d326250712baca3bf54c5b555904.php 第 90 行.
NOTIC: [8] Use of undefined constant Index - assumed 'Index' D:\workspace\game.dejson.com\Runtime\Cache\Media\2382d326250712baca3bf54c5b555904.php 第 101 行.
NOTIC: [8] Use of undefined constant game_list - assumed 'game_list' D:\workspace\game.dejson.com\Runtime\Cache\Media\2382d326250712baca3bf54c5b555904.php 第 102 行.
NOTIC: [8] Use of undefined constant game_detail - assumed 'game_detail' D:\workspace\game.dejson.com\Runtime\Cache\Media\2382d326250712baca3bf54c5b555904.php 第 102 行.
NOTIC: [8] Use of undefined constant game_list - assumed 'game_list' D:\workspace\game.dejson.com\Runtime\Cache\Media\2382d326250712baca3bf54c5b555904.php 第 102 行.
NOTIC: [8] Undefined variable: search_page D:\workspace\game.dejson.com\Runtime\Cache\Media\2382d326250712baca3bf54c5b555904.php 第 102 行.
NOTIC: [8] Use of undefined constant gift_list - assumed 'gift_list' D:\workspace\game.dejson.com\Runtime\Cache\Media\2382d326250712baca3bf54c5b555904.php 第 105 行.
NOTIC: [8] Use of undefined constant gift_list - assumed 'gift_list' D:\workspace\game.dejson.com\Runtime\Cache\Media\2382d326250712baca3bf54c5b555904.php 第 105 行.
NOTIC: [8] Undefined variable: search_page D:\workspace\game.dejson.com\Runtime\Cache\Media\2382d326250712baca3bf54c5b555904.php 第 105 行.
NOTIC: [8] Use of undefined constant Article - assumed 'Article' D:\workspace\game.dejson.com\Runtime\Cache\Media\2382d326250712baca3bf54c5b555904.php 第 108 行.
NOTIC: [8] Use of undefined constant Service - assumed 'Service' D:\workspace\game.dejson.com\Runtime\Cache\Media\2382d326250712baca3bf54c5b555904.php 第 109 行.
NOTIC: [8] Use of undefined constant Index - assumed 'Index' D:\workspace\game.dejson.com\Runtime\Cache\Media\2382d326250712baca3bf54c5b555904.php 第 113 行.
SQL: SELECT * FROM `sys_picture` WHERE `status` = 1 AND `id` = 236 LIMIT 1   [ RunTime:0.0601s ]
SQL: SELECT * FROM `sys_picture` WHERE `status` = 1 AND `id` = 241 LIMIT 1   [ RunTime:0.0626s ]
SQL: SHOW COLUMNS FROM `sys_category` [ RunTime:0.0595s ]
SQL: SELECT `id`,`name`,`title`,`pid`,`sort`,`list_row`,`meta_title`,`keywords`,`description`,`template_index`,`template_lists`,`template_detail`,`template_edit`,`model`,`model_sub`,`type`,`link_id`,`allow_publish`,`display`,`reply`,`check`,`reply_model`,`extend`,`create_time`,`update_time`,`status`,`icon`,`groups` FROM `sys_category` WHERE `id` = 43 LIMIT 1   [ RunTime:0.0587s ]
SQL: SELECT `id`,`name`,`pid`,`title`,`link_id` FROM `sys_category` WHERE `status` = 1 ORDER BY sort  [ RunTime:0.0599s ]
SQL: SHOW COLUMNS FROM `sys_document` [ RunTime:0.0583s ]
SQL: SELECT `id`,`uid`,`name`,`title`,`category_id`,`group_id`,`description`,`root`,`pid`,`model_id`,`type`,`position`,`link_id`,`cover_id`,`display`,`deadline`,`attach`,`view`,`comment`,`extend`,`level`,`create_time`,`update_time`,`admin`,`status` FROM `sys_document` WHERE `status` = 1 AND `pid` = 0 AND `category_id` = 43 AND `create_time` < 1502982661 AND ( deadline = 0 OR deadline > 1502982661 ) ORDER BY `level` DESC,`id` DESC LIMIT 2   [ RunTime:0.0595s ]
SQL: SELECT `id`,`name`,`title`,`pid`,`sort`,`list_row`,`meta_title`,`keywords`,`description`,`template_index`,`template_lists`,`template_detail`,`template_edit`,`model`,`model_sub`,`type`,`link_id`,`allow_publish`,`display`,`reply`,`check`,`reply_model`,`extend`,`create_time`,`update_time`,`status`,`icon`,`groups` FROM `sys_category` WHERE `id` = 42 LIMIT 1   [ RunTime:0.0629s ]
SQL: SELECT `id`,`name`,`pid`,`title`,`link_id` FROM `sys_category` WHERE `status` = 1 ORDER BY sort  [ RunTime:0.0606s ]
SQL: SELECT `id`,`uid`,`name`,`title`,`category_id`,`group_id`,`description`,`root`,`pid`,`model_id`,`type`,`position`,`link_id`,`cover_id`,`display`,`deadline`,`attach`,`view`,`comment`,`extend`,`level`,`create_time`,`update_time`,`admin`,`status` FROM `sys_document` WHERE `status` = 1 AND `pid` = 0 AND `category_id` = 42 AND `create_time` < 1502982661 AND ( deadline = 0 OR deadline > 1502982661 ) ORDER BY `level` DESC,`id` DESC LIMIT 2   [ RunTime:0.0581s ]
SQL: SELECT `id`,`name`,`title`,`pid`,`sort`,`list_row`,`meta_title`,`keywords`,`description`,`template_index`,`template_lists`,`template_detail`,`template_edit`,`model`,`model_sub`,`type`,`link_id`,`allow_publish`,`display`,`reply`,`check`,`reply_model`,`extend`,`create_time`,`update_time`,`status`,`icon`,`groups` FROM `sys_category` WHERE `id` = 44 LIMIT 1   [ RunTime:0.0732s ]
SQL: SELECT `id`,`name`,`pid`,`title`,`link_id` FROM `sys_category` WHERE `status` = 1 ORDER BY sort  [ RunTime:0.0610s ]
SQL: SELECT `id`,`uid`,`name`,`title`,`category_id`,`group_id`,`description`,`root`,`pid`,`model_id`,`type`,`position`,`link_id`,`cover_id`,`display`,`deadline`,`attach`,`view`,`comment`,`extend`,`level`,`create_time`,`update_time`,`admin`,`status` FROM `sys_document` WHERE `status` = 1 AND `pid` = 0 AND `category_id` = 44 AND `create_time` < 1502982661 AND ( deadline = 0 OR deadline > 1502982661 ) ORDER BY `level` DESC,`id` DESC LIMIT 2   [ RunTime:0.0609s ]
SQL: SELECT * FROM `sys_picture` WHERE `status` = 1 AND `id` = 132 LIMIT 1   [ RunTime:0.0607s ]
SQL: SELECT * FROM `sys_picture` WHERE `status` = 1 AND `id` = 126 LIMIT 1   [ RunTime:0.0573s ]
SQL: SELECT * FROM `sys_picture` WHERE `status` = 1 AND `id` = 33 LIMIT 1   [ RunTime:0.0580s ]
SQL: SELECT * FROM `sys_picture` WHERE `status` = 1 AND `id` = 35 LIMIT 1   [ RunTime:0.0581s ]
SQL: SELECT * FROM `sys_picture` WHERE `status` = 1 AND `id` = 219 LIMIT 1   [ RunTime:0.0574s ]
NOTIC: [8] Undefined index: id D:\workspace\game.dejson.com\Runtime\Cache\Media\2382d326250712baca3bf54c5b555904.php 第 238 行.
SQL: SELECT * FROM `sys_picture` WHERE `status` = 1 AND `id` = 17 LIMIT 1   [ RunTime:0.0583s ]
NOTIC: [8] Undefined index: id D:\workspace\game.dejson.com\Runtime\Cache\Media\2382d326250712baca3bf54c5b555904.php 第 238 行.
SQL: SELECT * FROM `sys_picture` WHERE `status` = 1 AND `id` = 29 LIMIT 1   [ RunTime:0.0576s ]
NOTIC: [8] Undefined index: id D:\workspace\game.dejson.com\Runtime\Cache\Media\2382d326250712baca3bf54c5b555904.php 第 238 行.
SQL: SELECT * FROM `sys_picture` WHERE `status` = 1 AND `id` = 36 LIMIT 1   [ RunTime:0.0699s ]
NOTIC: [8] Undefined index: id D:\workspace\game.dejson.com\Runtime\Cache\Media\2382d326250712baca3bf54c5b555904.php 第 238 行.
SQL: SELECT * FROM `sys_picture` WHERE `status` = 1 AND `id` = 37 LIMIT 1   [ RunTime:0.0578s ]
NOTIC: [8] Undefined index: id D:\workspace\game.dejson.com\Runtime\Cache\Media\2382d326250712baca3bf54c5b555904.php 第 238 行.
SQL: SELECT * FROM `sys_picture` WHERE `status` = 1 AND `id` = 38 LIMIT 1   [ RunTime:0.0575s ]
NOTIC: [8] Undefined index: id D:\workspace\game.dejson.com\Runtime\Cache\Media\2382d326250712baca3bf54c5b555904.php 第 238 行.
SQL: SELECT * FROM `sys_picture` WHERE `status` = 1 AND `id` = 41 LIMIT 1   [ RunTime:0.0576s ]
NOTIC: [8] Undefined index: id D:\workspace\game.dejson.com\Runtime\Cache\Media\2382d326250712baca3bf54c5b555904.php 第 238 行.
SQL: SELECT * FROM `sys_picture` WHERE `status` = 1 AND `id` = 39 LIMIT 1   [ RunTime:0.0572s ]
NOTIC: [8] Undefined index: id D:\workspace\game.dejson.com\Runtime\Cache\Media\2382d326250712baca3bf54c5b555904.php 第 238 行.
SQL: SELECT * FROM `sys_picture` WHERE `status` = 1 AND `id` = 255 LIMIT 1   [ RunTime:0.0624s ]
NOTIC: [8] Undefined index: id D:\workspace\game.dejson.com\Runtime\Cache\Media\2382d326250712baca3bf54c5b555904.php 第 238 行.
SQL: SELECT * FROM `sys_picture` WHERE `status` = 1 AND `id` = 283 LIMIT 1   [ RunTime:0.0571s ]
SQL: SELECT * FROM `sys_picture` WHERE `status` = 1 AND `id` = 283 LIMIT 1   [ RunTime:0.0594s ]
SQL: SELECT * FROM `sys_picture` WHERE `status` = 1 AND `id` = 283 LIMIT 1   [ RunTime:0.0591s ]
SQL: SELECT * FROM `sys_picture` WHERE `status` = 1 AND `id` = 14 LIMIT 1   [ RunTime:0.0585s ]
SQL: SELECT * FROM `sys_picture` WHERE `status` = 1 AND `id` = 12 LIMIT 1   [ RunTime:0.0582s ]
SQL: SELECT * FROM `sys_picture` WHERE `status` = 1 AND `id` = 215 LIMIT 1   [ RunTime:0.0577s ]
SQL: SELECT * FROM `sys_picture` WHERE `status` = 1 AND `id` = 12 LIMIT 1   [ RunTime:0.0587s ]
SQL: SELECT * FROM `sys_picture` WHERE `status` = 1 AND `id` = 16 LIMIT 1   [ RunTime:0.0588s ]
SQL: SELECT * FROM `sys_picture` WHERE `status` = 1 AND `id` = 14 LIMIT 1   [ RunTime:0.0576s ]
SQL: SELECT `id`,`name`,`title`,`pid`,`sort`,`list_row`,`meta_title`,`keywords`,`description`,`template_index`,`template_lists`,`template_detail`,`template_edit`,`model`,`model_sub`,`type`,`link_id`,`allow_publish`,`display`,`reply`,`check`,`reply_model`,`extend`,`create_time`,`update_time`,`status`,`icon`,`groups` FROM `sys_category` WHERE `id` = 44 LIMIT 1   [ RunTime:0.0582s ]
SQL: SELECT `id`,`name`,`pid`,`title`,`link_id` FROM `sys_category` WHERE `status` = 1 ORDER BY sort  [ RunTime:0.0603s ]
SQL: SELECT `id`,`uid`,`name`,`title`,`category_id`,`group_id`,`description`,`root`,`pid`,`model_id`,`type`,`position`,`link_id`,`cover_id`,`display`,`deadline`,`attach`,`view`,`comment`,`extend`,`level`,`create_time`,`update_time`,`admin`,`status` FROM `sys_document` WHERE `status` = 1 AND `pid` = 0 AND `category_id` = 44 AND `create_time` < 1502982661 AND ( deadline = 0 OR deadline > 1502982661 ) ORDER BY `level` DESC,`id` DESC LIMIT 3   [ RunTime:0.0587s ]
SQL: SELECT * FROM `sys_picture` WHERE `status` = 1 AND `id` = 244 LIMIT 1   [ RunTime:0.0583s ]
SQL: SELECT * FROM `sys_picture` WHERE `status` = 1 AND `id` = 98 LIMIT 1   [ RunTime:0.0583s ]
SQL: SHOW COLUMNS FROM `tab_links` [ RunTime:0.0630s ]
SQL: SELECT * FROM `tab_links` WHERE `status` = 1 AND `mark` = 0  [ RunTime:0.0614s ]
SQL: SELECT * FROM `sys_picture` WHERE `status` = 1 AND `id` = 102 LIMIT 1   [ RunTime:0.0595s ]
SQL: SELECT * FROM `sys_picture` WHERE `status` = 1 AND `id` = 102 LIMIT 1   [ RunTime:0.0571s ]
SQL: SELECT * FROM `sys_picture` WHERE `status` = 1 AND `id` = 282 LIMIT 1   [ RunTime:0.0588s ]
INFO: Run Behavior\ParseTemplateBehavior [ RunTime:2.889376s ]
INFO: [ view_parse ] --END-- [ RunTime:2.889574s ]
INFO: [ view_filter ] --START--
INFO: Run Behavior\WriteHtmlCacheBehavior [ RunTime:0.001291s ]
INFO: [ view_filter ] --END-- [ RunTime:0.001380s ]
INFO: [ app_end ] --START--
INFO: Run Behavior\ShowPageTraceBehavior [ RunTime:0.001570s ]
INFO: [ app_end ] --END-- [ RunTime:0.001681s ]

[ 2017-08-17T23:11:08+08:00 ] 127.0.0.1 /index.php?s=/Media/Game/dow_url_generate/game_id/42.html
INFO: [ app_init ] --START--
INFO: Run Behavior\BuildLiteBehavior [ RunTime:0.000026s ]
INFO: Run Common\Behavior\InitHookBehavior [ RunTime:0.003493s ]
INFO: [ app_init ] --END-- [ RunTime:0.004875s ]
SQL: SHOW COLUMNS FROM `sys_config` [ RunTime:0.0590s ]
SQL: SELECT `type`,`name`,`value` FROM `sys_config` WHERE `status` = 1  [ RunTime:0.0592s ]
INFO: [ app_begin ] --START--
INFO: Run Behavior\ReadHtmlCacheBehavior [ RunTime:0.001022s ]
INFO: [ app_begin ] --END-- [ RunTime:0.001146s ]
SQL: SELECT `type`,`name`,`value` FROM `sys_config` WHERE `status` = 1  [ RunTime:0.0590s ]
SQL: SHOW COLUMNS FROM `tab_adv` [ RunTime:0.0583s ]
SQL: SELECT * FROM `tab_adv` WHERE ( pos_id=2 and status=1 ) LIMIT 1   [ RunTime:0.0577s ]
SQL: SHOW COLUMNS FROM `sys_picture` [ RunTime:0.0581s ]
SQL: SELECT * FROM `sys_picture` WHERE `status` = 1 AND `id` = 45 LIMIT 1   [ RunTime:0.0577s ]
INFO: [ app_end ] --START--
INFO: Run Behavior\ShowPageTraceBehavior [ RunTime:0.001060s ]
INFO: [ app_end ] --END-- [ RunTime:0.001134s ]

[ 2017-08-17T23:11:08+08:00 ] 127.0.0.1 /index.php?s=/Media/Game/dow_url_generate/game_id/5.html
INFO: [ app_init ] --START--
INFO: Run Behavior\BuildLiteBehavior [ RunTime:0.000026s ]
INFO: Run Common\Behavior\InitHookBehavior [ RunTime:0.005322s ]
INFO: [ app_init ] --END-- [ RunTime:0.006261s ]
SQL: SHOW COLUMNS FROM `sys_config` [ RunTime:0.0590s ]
SQL: SELECT `type`,`name`,`value` FROM `sys_config` WHERE `status` = 1  [ RunTime:0.0608s ]
INFO: [ app_begin ] --START--
INFO: Run Behavior\ReadHtmlCacheBehavior [ RunTime:0.002183s ]
INFO: [ app_begin ] --END-- [ RunTime:0.002322s ]
SQL: SELECT `type`,`name`,`value` FROM `sys_config` WHERE `status` = 1  [ RunTime:0.0615s ]
SQL: SHOW COLUMNS FROM `tab_adv` [ RunTime:0.0595s ]
SQL: SELECT * FROM `tab_adv` WHERE ( pos_id=2 and status=1 ) LIMIT 1   [ RunTime:0.0609s ]
SQL: SHOW COLUMNS FROM `sys_picture` [ RunTime:0.0579s ]
SQL: SELECT * FROM `sys_picture` WHERE `status` = 1 AND `id` = 45 LIMIT 1   [ RunTime:0.0583s ]
INFO: [ app_end ] --START--
INFO: Run Behavior\ShowPageTraceBehavior [ RunTime:0.000984s ]
INFO: [ app_end ] --END-- [ RunTime:0.001059s ]

[ 2017-08-17T23:11:08+08:00 ] 127.0.0.1 /index.php?s=/Media/Game/dow_url_generate/game_id/36.html
INFO: [ app_init ] --START--
INFO: Run Behavior\BuildLiteBehavior [ RunTime:0.000035s ]
INFO: Run Common\Behavior\InitHookBehavior [ RunTime:0.005829s ]
INFO: [ app_init ] --END-- [ RunTime:0.007158s ]
SQL: SHOW COLUMNS FROM `sys_config` [ RunTime:0.0647s ]
SQL: SELECT `type`,`name`,`value` FROM `sys_config` WHERE `status` = 1  [ RunTime:0.0665s ]
INFO: [ app_begin ] --START--
INFO: Run Behavior\ReadHtmlCacheBehavior [ RunTime:0.000786s ]
INFO: [ app_begin ] --END-- [ RunTime:0.000858s ]
SQL: SELECT `type`,`name`,`value` FROM `sys_config` WHERE `status` = 1  [ RunTime:0.0665s ]
SQL: SHOW COLUMNS FROM `tab_adv` [ RunTime:0.0663s ]
SQL: SELECT * FROM `tab_adv` WHERE ( pos_id=2 and status=1 ) LIMIT 1   [ RunTime:0.0649s ]
SQL: SHOW COLUMNS FROM `sys_picture` [ RunTime:0.0659s ]
SQL: SELECT * FROM `sys_picture` WHERE `status` = 1 AND `id` = 45 LIMIT 1   [ RunTime:0.0771s ]
INFO: [ app_end ] --START--
INFO: Run Behavior\ShowPageTraceBehavior [ RunTime:0.001223s ]
INFO: [ app_end ] --END-- [ RunTime:0.001339s ]

[ 2017-08-17T23:11:09+08:00 ] 127.0.0.1 /index.php?s=/Media/Game/dow_url_generate/game_id/17.html
INFO: [ app_init ] --START--
INFO: Run Behavior\BuildLiteBehavior [ RunTime:0.000029s ]
INFO: Run Common\Behavior\InitHookBehavior [ RunTime:0.010464s ]
INFO: [ app_init ] --END-- [ RunTime:0.011996s ]
SQL: SHOW COLUMNS FROM `sys_config` [ RunTime:0.0673s ]
SQL: SELECT `type`,`name`,`value` FROM `sys_config` WHERE `status` = 1  [ RunTime:0.0658s ]
INFO: [ app_begin ] --START--
INFO: Run Behavior\ReadHtmlCacheBehavior [ RunTime:0.001055s ]
INFO: [ app_begin ] --END-- [ RunTime:0.001161s ]
SQL: SELECT `type`,`name`,`value` FROM `sys_config` WHERE `status` = 1  [ RunTime:0.0735s ]
SQL: SHOW COLUMNS FROM `tab_adv` [ RunTime:0.0674s ]
SQL: SELECT * FROM `tab_adv` WHERE ( pos_id=2 and status=1 ) LIMIT 1   [ RunTime:0.0654s ]
SQL: SHOW COLUMNS FROM `sys_picture` [ RunTime:0.0761s ]
SQL: SELECT * FROM `sys_picture` WHERE `status` = 1 AND `id` = 45 LIMIT 1   [ RunTime:0.0650s ]
INFO: [ app_end ] --START--
INFO: Run Behavior\ShowPageTraceBehavior [ RunTime:0.000912s ]
INFO: [ app_end ] --END-- [ RunTime:0.000988s ]

[ 2017-08-17T23:11:09+08:00 ] 127.0.0.1 /index.php?s=/Media/Member/verify
INFO: [ app_init ] --START--
INFO: Run Behavior\BuildLiteBehavior [ RunTime:0.000015s ]
INFO: Run Common\Behavior\InitHookBehavior [ RunTime:0.003289s ]
INFO: [ app_init ] --END-- [ RunTime:0.003949s ]
SQL: SHOW COLUMNS FROM `sys_config` [ RunTime:0.0636s ]
SQL: SELECT `type`,`name`,`value` FROM `sys_config` WHERE `status` = 1  [ RunTime:0.0613s ]
INFO: [ app_begin ] --START--
INFO: Run Behavior\ReadHtmlCacheBehavior [ RunTime:0.001088s ]
INFO: [ app_begin ] --END-- [ RunTime:0.001182s ]
SQL: SELECT `type`,`name`,`value` FROM `sys_config` WHERE `status` = 1  [ RunTime:0.0603s ]
SQL: SHOW COLUMNS FROM `tab_adv` [ RunTime:0.0596s ]
SQL: SELECT * FROM `tab_adv` WHERE ( pos_id=2 and status=1 ) LIMIT 1   [ RunTime:0.0604s ]
SQL: SHOW COLUMNS FROM `sys_picture` [ RunTime:0.0584s ]
SQL: SELECT * FROM `sys_picture` WHERE `status` = 1 AND `id` = 45 LIMIT 1   [ RunTime:0.0580s ]
INFO: [ app_end ] --START--
INFO: Run Behavior\ShowPageTraceBehavior [ RunTime:0.000957s ]
INFO: [ app_end ] --END-- [ RunTime:0.001045s ]

[ 2017-08-17T23:11:10+08:00 ] 127.0.0.1 /media.php?s=/Member/is_login
INFO: [ app_init ] --START--
INFO: Run Behavior\BuildLiteBehavior [ RunTime:0.000016s ]
INFO: Run Common\Behavior\InitHookBehavior [ RunTime:0.002947s ]
INFO: [ app_init ] --END-- [ RunTime:0.003670s ]
SQL: SHOW COLUMNS FROM `sys_config` [ RunTime:0.0592s ]
SQL: SELECT `type`,`name`,`value` FROM `sys_config` WHERE `status` = 1  [ RunTime:0.0666s ]
INFO: [ app_begin ] --START--
INFO: Run Behavior\ReadHtmlCacheBehavior [ RunTime:0.000690s ]
INFO: [ app_begin ] --END-- [ RunTime:0.000757s ]
SQL: SELECT `type`,`name`,`value` FROM `sys_config` WHERE `status` = 1  [ RunTime:0.0593s ]
SQL: SHOW COLUMNS FROM `tab_adv` [ RunTime:0.0587s ]
SQL: SELECT * FROM `tab_adv` WHERE ( pos_id=2 and status=1 ) LIMIT 1   [ RunTime:0.0611s ]
SQL: SHOW COLUMNS FROM `sys_picture` [ RunTime:0.0589s ]
SQL: SELECT * FROM `sys_picture` WHERE `status` = 1 AND `id` = 45 LIMIT 1   [ RunTime:0.0619s ]

[ 2017-08-17T23:11:15+08:00 ] 127.0.0.1 /index.php?s=/Media/Index/index.html
INFO: [ app_init ] --START--
INFO: Run Behavior\BuildLiteBehavior [ RunTime:0.000016s ]
INFO: Run Common\Behavior\InitHookBehavior [ RunTime:0.002417s ]
INFO: [ app_init ] --END-- [ RunTime:0.003079s ]
SQL: SHOW COLUMNS FROM `sys_config` [ RunTime:0.0618s ]
SQL: SELECT `type`,`name`,`value` FROM `sys_config` WHERE `status` = 1  [ RunTime:0.0602s ]
INFO: [ app_begin ] --START--
INFO: Run Behavior\ReadHtmlCacheBehavior [ RunTime:0.001487s ]
INFO: [ app_begin ] --END-- [ RunTime:0.001630s ]
SQL: SELECT `type`,`name`,`value` FROM `sys_config` WHERE `status` = 1  [ RunTime:0.0598s ]
SQL: SHOW COLUMNS FROM `tab_adv` [ RunTime:0.0599s ]
SQL: SELECT * FROM `tab_adv` WHERE ( pos_id=2 and status=1 ) LIMIT 1   [ RunTime:0.0597s ]
SQL: SHOW COLUMNS FROM `sys_picture` [ RunTime:0.0605s ]
SQL: SELECT * FROM `sys_picture` WHERE `status` = 1 AND `id` = 45 LIMIT 1   [ RunTime:0.0695s ]
SQL: SHOW COLUMNS FROM `tab_adv` [ RunTime:0.0584s ]
SQL: SELECT * FROM `tab_adv` WHERE `status` = 1 AND `pos_id` = 1 ORDER BY sort ASC  [ RunTime:0.0593s ]
SQL: SHOW COLUMNS FROM `tab_game` [ RunTime:0.0591s ]
SQL: SELECT `id`,`game_name`,`sort`,`short`,`game_type_id`,`game_type_name`,`game_score`,`marking`,`features`,`recommend_level`,`version`,`game_size`,`icon`,`cover`,`screenshot`,`introduction`,`and_dow_address`,`ios_dow_address`,`add_game_address`,`ios_game_address`,`game_address`,`dow_num`,`game_status`,`recommend_status`,`pay_status`,`dow_status`,`developers`,`create_time`,`discount`,`language`,`ratio`,`money`,`game_appid`,`game_coin_name`,`game_coin_ration`,`category`,`sibling_id`,`sdk_version` FROM `tab_game` WHERE `game_status` = 1 AND `recommend_status` = 1 GROUP BY sibling_id ORDER BY sort asc LIMIT 4   [ RunTime:0.0609s ]
SQL: SELECT * FROM `tab_game` WHERE `game_status` = 1 AND `recommend_status` = 1 AND `id` <> 5 AND `sibling_id` = 5 LIMIT 1   [ RunTime:0.0622s ]
SQL: SELECT * FROM `tab_game` WHERE `game_status` = 1 AND `recommend_status` = 1 AND `id` <> 42 AND `sibling_id` = 42 LIMIT 1   [ RunTime:0.0618s ]
SQL: SELECT * FROM `tab_game` WHERE `game_status` = 1 AND `recommend_status` = 1 AND `id` <> 36 AND `sibling_id` = 36 LIMIT 1   [ RunTime:0.0598s ]
SQL: SELECT * FROM `tab_game` WHERE `game_status` = 1 AND `recommend_status` = 1 AND `id` <> 17 AND `sibling_id` = 17 LIMIT 1   [ RunTime:0.0590s ]
SQL: SELECT `id`,`game_name`,`sort`,`short`,`game_type_id`,`game_type_name`,`game_score`,`marking`,`features`,`recommend_level`,`version`,`game_size`,`icon`,`cover`,`screenshot`,`introduction`,`and_dow_address`,`ios_dow_address`,`add_game_address`,`ios_game_address`,`game_address`,`dow_num`,`game_status`,`recommend_status`,`pay_status`,`dow_status`,`developers`,`create_time`,`discount`,`language`,`ratio`,`money`,`game_appid`,`game_coin_name`,`game_coin_ration`,`category`,`sibling_id`,`sdk_version` FROM `tab_game` WHERE `game_status` = 1 AND `recommend_status` = 2 GROUP BY sibling_id ORDER BY sort asc LIMIT 9   [ RunTime:0.0596s ]
SQL: SELECT * FROM `tab_game` WHERE `game_status` = 1 AND `recommend_status` = 2 AND `id` <> 74 AND `sibling_id` = 74 LIMIT 1   [ RunTime:0.0614s ]
SQL: SELECT * FROM `tab_game` WHERE `game_status` = 1 AND `recommend_status` = 2 AND `id` <> 41 AND `sibling_id` = 41 LIMIT 1   [ RunTime:0.0588s ]
SQL: SELECT * FROM `tab_game` WHERE `game_status` = 1 AND `recommend_status` = 2 AND `id` <> 37 AND `sibling_id` = 37 LIMIT 1   [ RunTime:0.0613s ]
SQL: SELECT * FROM `tab_game` WHERE `game_status` = 1 AND `recommend_status` = 2 AND `id` <> 34 AND `sibling_id` = 34 LIMIT 1   [ RunTime:0.0590s ]
SQL: SELECT * FROM `tab_game` WHERE `game_status` = 1 AND `recommend_status` = 2 AND `id` <> 33 AND `sibling_id` = 33 LIMIT 1   [ RunTime:0.0595s ]
SQL: SELECT * FROM `tab_game` WHERE `game_status` = 1 AND `recommend_status` = 2 AND `id` <> 32 AND `sibling_id` = 32 LIMIT 1   [ RunTime:0.0594s ]
SQL: SELECT * FROM `tab_game` WHERE `game_status` = 1 AND `recommend_status` = 2 AND `id` <> 22 AND `sibling_id` = 22 LIMIT 1   [ RunTime:0.0578s ]
SQL: SELECT * FROM `tab_game` WHERE `game_status` = 1 AND `recommend_status` = 2 AND `id` <> 21 AND `sibling_id` = 21 LIMIT 1   [ RunTime:0.0608s ]
SQL: SELECT * FROM `tab_game` WHERE `game_status` = 1 AND `recommend_status` = 2 AND `id` <> 77 AND `sibling_id` = 77 LIMIT 1   [ RunTime:0.0590s ]
SQL: SHOW COLUMNS FROM `tab_giftbag` [ RunTime:0.0691s ]
SQL: SELECT tab_giftbag.id as gift_id,`game_id`,tab_giftbag.game_name,`giftbag_name`,`giftbag_type`,tab_game.icon,tab_giftbag.create_time FROM `tab_giftbag` INNER JOIN tab_game on tab_giftbag.game_id = tab_game.id  WHERE `game_status` = 1 ORDER BY create_time desc LIMIT 9   [ RunTime:0.0701s ]
SQL: SHOW COLUMNS FROM `tab_server` [ RunTime:0.0580s ]
SQL: SELECT tab_server.*,tab_game.icon,tab_game.cover FROM `tab_server` INNER JOIN tab_game on tab_server.game_id = tab_game.id  WHERE `game_status` = 1 ORDER BY create_time desc LIMIT 9   [ RunTime:0.0584s ]
INFO: [ view_parse ] --START--
INFO: [ template_filter ] --START--
INFO: Run Behavior\ContentReplaceBehavior [ RunTime:0.000442s ]
INFO: [ template_filter ] --END-- [ RunTime:0.000505s ]
SQL: SELECT * FROM `sys_picture` WHERE `status` = 1 AND `id` = 102 LIMIT 1   [ RunTime:0.0585s ]
NOTIC: [8] Undefined variable: aaa D:\workspace\game.dejson.com\Runtime\Cache\Media\2382d326250712baca3bf54c5b555904.php 第 90 行.
NOTIC: [8] Use of undefined constant Index - assumed 'Index' D:\workspace\game.dejson.com\Runtime\Cache\Media\2382d326250712baca3bf54c5b555904.php 第 101 行.
NOTIC: [8] Use of undefined constant game_list - assumed 'game_list' D:\workspace\game.dejson.com\Runtime\Cache\Media\2382d326250712baca3bf54c5b555904.php 第 102 行.
NOTIC: [8] Use of undefined constant game_detail - assumed 'game_detail' D:\workspace\game.dejson.com\Runtime\Cache\Media\2382d326250712baca3bf54c5b555904.php 第 102 行.
NOTIC: [8] Use of undefined constant game_list - assumed 'game_list' D:\workspace\game.dejson.com\Runtime\Cache\Media\2382d326250712baca3bf54c5b555904.php 第 102 行.
NOTIC: [8] Undefined variable: search_page D:\workspace\game.dejson.com\Runtime\Cache\Media\2382d326250712baca3bf54c5b555904.php 第 102 行.
NOTIC: [8] Use of undefined constant gift_list - assumed 'gift_list' D:\workspace\game.dejson.com\Runtime\Cache\Media\2382d326250712baca3bf54c5b555904.php 第 105 行.
NOTIC: [8] Use of undefined constant gift_list - assumed 'gift_list' D:\workspace\game.dejson.com\Runtime\Cache\Media\2382d326250712baca3bf54c5b555904.php 第 105 行.
NOTIC: [8] Undefined variable: search_page D:\workspace\game.dejson.com\Runtime\Cache\Media\2382d326250712baca3bf54c5b555904.php 第 105 行.
NOTIC: [8] Use of undefined constant Article - assumed 'Article' D:\workspace\game.dejson.com\Runtime\Cache\Media\2382d326250712baca3bf54c5b555904.php 第 108 行.
NOTIC: [8] Use of undefined constant Service - assumed 'Service' D:\workspace\game.dejson.com\Runtime\Cache\Media\2382d326250712baca3bf54c5b555904.php 第 109 行.
NOTIC: [8] Use of undefined constant Index - assumed 'Index' D:\workspace\game.dejson.com\Runtime\Cache\Media\2382d326250712baca3bf54c5b555904.php 第 113 行.
SQL: SELECT * FROM `sys_picture` WHERE `status` = 1 AND `id` = 236 LIMIT 1   [ RunTime:0.0586s ]
SQL: SELECT * FROM `sys_picture` WHERE `status` = 1 AND `id` = 241 LIMIT 1   [ RunTime:0.0571s ]
SQL: SHOW COLUMNS FROM `sys_category` [ RunTime:0.0609s ]
SQL: SELECT `id`,`name`,`title`,`pid`,`sort`,`list_row`,`meta_title`,`keywords`,`description`,`template_index`,`template_lists`,`template_detail`,`template_edit`,`model`,`model_sub`,`type`,`link_id`,`allow_publish`,`display`,`reply`,`check`,`reply_model`,`extend`,`create_time`,`update_time`,`status`,`icon`,`groups` FROM `sys_category` WHERE `id` = 43 LIMIT 1   [ RunTime:0.0591s ]
SQL: SELECT `id`,`name`,`pid`,`title`,`link_id` FROM `sys_category` WHERE `status` = 1 ORDER BY sort  [ RunTime:0.0686s ]
SQL: SHOW COLUMNS FROM `sys_document` [ RunTime:0.0581s ]
SQL: SELECT `id`,`uid`,`name`,`title`,`category_id`,`group_id`,`description`,`root`,`pid`,`model_id`,`type`,`position`,`link_id`,`cover_id`,`display`,`deadline`,`attach`,`view`,`comment`,`extend`,`level`,`create_time`,`update_time`,`admin`,`status` FROM `sys_document` WHERE `status` = 1 AND `pid` = 0 AND `category_id` = 43 AND `create_time` < 1502982670 AND ( deadline = 0 OR deadline > 1502982670 ) ORDER BY `level` DESC,`id` DESC LIMIT 2   [ RunTime:0.0614s ]
SQL: SELECT `id`,`name`,`title`,`pid`,`sort`,`list_row`,`meta_title`,`keywords`,`description`,`template_index`,`template_lists`,`template_detail`,`template_edit`,`model`,`model_sub`,`type`,`link_id`,`allow_publish`,`display`,`reply`,`check`,`reply_model`,`extend`,`create_time`,`update_time`,`status`,`icon`,`groups` FROM `sys_category` WHERE `id` = 42 LIMIT 1   [ RunTime:0.0624s ]
SQL: SELECT `id`,`name`,`pid`,`title`,`link_id` FROM `sys_category` WHERE `status` = 1 ORDER BY sort  [ RunTime:0.0598s ]
SQL: SELECT `id`,`uid`,`name`,`title`,`category_id`,`group_id`,`description`,`root`,`pid`,`model_id`,`type`,`position`,`link_id`,`cover_id`,`display`,`deadline`,`attach`,`view`,`comment`,`extend`,`level`,`create_time`,`update_time`,`admin`,`status` FROM `sys_document` WHERE `status` = 1 AND `pid` = 0 AND `category_id` = 42 AND `create_time` < 1502982670 AND ( deadline = 0 OR deadline > 1502982670 ) ORDER BY `level` DESC,`id` DESC LIMIT 2   [ RunTime:0.0591s ]
SQL: SELECT `id`,`name`,`title`,`pid`,`sort`,`list_row`,`meta_title`,`keywords`,`description`,`template_index`,`template_lists`,`template_detail`,`template_edit`,`model`,`model_sub`,`type`,`link_id`,`allow_publish`,`display`,`reply`,`check`,`reply_model`,`extend`,`create_time`,`update_time`,`status`,`icon`,`groups` FROM `sys_category` WHERE `id` = 44 LIMIT 1   [ RunTime:0.0646s ]
SQL: SELECT `id`,`name`,`pid`,`title`,`link_id` FROM `sys_category` WHERE `status` = 1 ORDER BY sort  [ RunTime:0.0568s ]
SQL: SELECT `id`,`uid`,`name`,`title`,`category_id`,`group_id`,`description`,`root`,`pid`,`model_id`,`type`,`position`,`link_id`,`cover_id`,`display`,`deadline`,`attach`,`view`,`comment`,`extend`,`level`,`create_time`,`update_time`,`admin`,`status` FROM `sys_document` WHERE `status` = 1 AND `pid` = 0 AND `category_id` = 44 AND `create_time` < 1502982670 AND ( deadline = 0 OR deadline > 1502982670 ) ORDER BY `level` DESC,`id` DESC LIMIT 2   [ RunTime:0.0687s ]
SQL: SELECT * FROM `sys_picture` WHERE `status` = 1 AND `id` = 132 LIMIT 1   [ RunTime:0.0577s ]
SQL: SELECT * FROM `sys_picture` WHERE `status` = 1 AND `id` = 126 LIMIT 1   [ RunTime:0.0586s ]
SQL: SELECT * FROM `sys_picture` WHERE `status` = 1 AND `id` = 33 LIMIT 1   [ RunTime:0.0568s ]
SQL: SELECT * FROM `sys_picture` WHERE `status` = 1 AND `id` = 35 LIMIT 1   [ RunTime:0.0630s ]
SQL: SELECT * FROM `sys_picture` WHERE `status` = 1 AND `id` = 219 LIMIT 1   [ RunTime:0.0575s ]
NOTIC: [8] Undefined index: id D:\workspace\game.dejson.com\Runtime\Cache\Media\2382d326250712baca3bf54c5b555904.php 第 238 行.
SQL: SELECT * FROM `sys_picture` WHERE `status` = 1 AND `id` = 17 LIMIT 1   [ RunTime:0.0581s ]
NOTIC: [8] Undefined index: id D:\workspace\game.dejson.com\Runtime\Cache\Media\2382d326250712baca3bf54c5b555904.php 第 238 行.
SQL: SELECT * FROM `sys_picture` WHERE `status` = 1 AND `id` = 29 LIMIT 1   [ RunTime:0.0585s ]
NOTIC: [8] Undefined index: id D:\workspace\game.dejson.com\Runtime\Cache\Media\2382d326250712baca3bf54c5b555904.php 第 238 行.
SQL: SELECT * FROM `sys_picture` WHERE `status` = 1 AND `id` = 36 LIMIT 1   [ RunTime:0.0583s ]
NOTIC: [8] Undefined index: id D:\workspace\game.dejson.com\Runtime\Cache\Media\2382d326250712baca3bf54c5b555904.php 第 238 行.
SQL: SELECT * FROM `sys_picture` WHERE `status` = 1 AND `id` = 37 LIMIT 1   [ RunTime:0.0593s ]
NOTIC: [8] Undefined index: id D:\workspace\game.dejson.com\Runtime\Cache\Media\2382d326250712baca3bf54c5b555904.php 第 238 行.
SQL: SELECT * FROM `sys_picture` WHERE `status` = 1 AND `id` = 38 LIMIT 1   [ RunTime:0.0577s ]
NOTIC: [8] Undefined index: id D:\workspace\game.dejson.com\Runtime\Cache\Media\2382d326250712baca3bf54c5b555904.php 第 238 行.
SQL: SELECT * FROM `sys_picture` WHERE `status` = 1 AND `id` = 41 LIMIT 1   [ RunTime:0.0597s ]
NOTIC: [8] Undefined index: id D:\workspace\game.dejson.com\Runtime\Cache\Media\2382d326250712baca3bf54c5b555904.php 第 238 行.
SQL: SELECT * FROM `sys_picture` WHERE `status` = 1 AND `id` = 39 LIMIT 1   [ RunTime:0.0614s ]
NOTIC: [8] Undefined index: id D:\workspace\game.dejson.com\Runtime\Cache\Media\2382d326250712baca3bf54c5b555904.php 第 238 行.
SQL: SELECT * FROM `sys_picture` WHERE `status` = 1 AND `id` = 255 LIMIT 1   [ RunTime:0.0571s ]
NOTIC: [8] Undefined index: id D:\workspace\game.dejson.com\Runtime\Cache\Media\2382d326250712baca3bf54c5b555904.php 第 238 行.
SQL: SELECT * FROM `sys_picture` WHERE `status` = 1 AND `id` = 283 LIMIT 1   [ RunTime:0.0661s ]
SQL: SELECT * FROM `sys_picture` WHERE `status` = 1 AND `id` = 283 LIMIT 1   [ RunTime:0.0580s ]
SQL: SELECT * FROM `sys_picture` WHERE `status` = 1 AND `id` = 283 LIMIT 1   [ RunTime:0.0576s ]
SQL: SELECT * FROM `sys_picture` WHERE `status` = 1 AND `id` = 14 LIMIT 1   [ RunTime:0.0580s ]
SQL: SELECT * FROM `sys_picture` WHERE `status` = 1 AND `id` = 12 LIMIT 1   [ RunTime:0.0572s ]
SQL: SELECT * FROM `sys_picture` WHERE `status` = 1 AND `id` = 215 LIMIT 1   [ RunTime:0.0574s ]
SQL: SELECT * FROM `sys_picture` WHERE `status` = 1 AND `id` = 12 LIMIT 1   [ RunTime:0.0608s ]
SQL: SELECT * FROM `sys_picture` WHERE `status` = 1 AND `id` = 16 LIMIT 1   [ RunTime:0.0571s ]
SQL: SELECT * FROM `sys_picture` WHERE `status` = 1 AND `id` = 14 LIMIT 1   [ RunTime:0.0563s ]
SQL: SELECT `id`,`name`,`title`,`pid`,`sort`,`list_row`,`meta_title`,`keywords`,`description`,`template_index`,`template_lists`,`template_detail`,`template_edit`,`model`,`model_sub`,`type`,`link_id`,`allow_publish`,`display`,`reply`,`check`,`reply_model`,`extend`,`create_time`,`update_time`,`status`,`icon`,`groups` FROM `sys_category` WHERE `id` = 44 LIMIT 1   [ RunTime:0.0606s ]
SQL: SELECT `id`,`name`,`pid`,`title`,`link_id` FROM `sys_category` WHERE `status` = 1 ORDER BY sort  [ RunTime:0.0577s ]
SQL: SELECT `id`,`uid`,`name`,`title`,`category_id`,`group_id`,`description`,`root`,`pid`,`model_id`,`type`,`position`,`link_id`,`cover_id`,`display`,`deadline`,`attach`,`view`,`comment`,`extend`,`level`,`create_time`,`update_time`,`admin`,`status` FROM `sys_document` WHERE `status` = 1 AND `pid` = 0 AND `category_id` = 44 AND `create_time` < 1502982670 AND ( deadline = 0 OR deadline > 1502982670 ) ORDER BY `level` DESC,`id` DESC LIMIT 3   [ RunTime:0.0608s ]
SQL: SELECT * FROM `sys_picture` WHERE `status` = 1 AND `id` = 244 LIMIT 1   [ RunTime:0.0577s ]
SQL: SELECT * FROM `sys_picture` WHERE `status` = 1 AND `id` = 98 LIMIT 1   [ RunTime:0.0578s ]
SQL: SHOW COLUMNS FROM `tab_links` [ RunTime:0.0676s ]
SQL: SELECT * FROM `tab_links` WHERE `status` = 1 AND `mark` = 0  [ RunTime:0.0576s ]
SQL: SELECT * FROM `sys_picture` WHERE `status` = 1 AND `id` = 102 LIMIT 1   [ RunTime:0.0582s ]
SQL: SELECT * FROM `sys_picture` WHERE `status` = 1 AND `id` = 102 LIMIT 1   [ RunTime:0.0687s ]
SQL: SELECT * FROM `sys_picture` WHERE `status` = 1 AND `id` = 282 LIMIT 1   [ RunTime:0.0590s ]
INFO: Run Behavior\ParseTemplateBehavior [ RunTime:2.897617s ]
INFO: [ view_parse ] --END-- [ RunTime:2.897859s ]
INFO: [ view_filter ] --START--
INFO: Run Behavior\WriteHtmlCacheBehavior [ RunTime:0.002244s ]
INFO: [ view_filter ] --END-- [ RunTime:0.002443s ]
INFO: [ app_end ] --START--
INFO: Run Behavior\ShowPageTraceBehavior [ RunTime:0.002337s ]
INFO: [ app_end ] --END-- [ RunTime:0.002546s ]

